<<<<<<< HEAD
INFO - User logged out
INFO - User visited the website
INFO - User logged out
INFO - User visited the website
INFO - User entered invalid login information.
INFO - User visited the website
INFO - Customer logged in
INFO - User logged out
INFO - User visited the website
INFO - User visited the website
INFO - User visited the website
INFO - User visited the website
INFO - User visited the website
INFO - User visited the website
INFO - User visited the website
INFO - User visited the website
INFO - User visited the website
INFO - User visited the website
INFO - User visited the website
INFO - User visited the website
INFO - User visited the website
INFO - User visited the website
INFO - User visited the website
INFO - User visited the website
INFO - User visited the website
INFO - User visited the website
INFO - User visited the website
=======
INFO - User visited the website
INFO - Username entered something wrong
>>>>>>> 2473263718c74883bed01b010ee05a1e0182d8d0
INFO - User visited the website
